<?xml version="1.0" encoding="UTF-8"?>
<!-- Generated by org.testng.reporters.JUnitReportReporter -->
<testsuite hostname="nikachoo" failures="0" tests="4" name="com.dsAlgoTestRunner.SequentialAndParallelTestRunner" time="21.348" errors="0" timestamp="2024-08-02T12:09:51 PDT" skipped="0">
  <testcase classname="com.dsAlgoTestRunner.SequentialAndParallelTestRunner" name="runScenario" time="4.495"/>
  <testcase classname="com.dsAlgoTestRunner.SequentialAndParallelTestRunner" name="runScenario" time="4.425"/>
  <testcase classname="com.dsAlgoTestRunner.SequentialAndParallelTestRunner" name="runScenario" time="7.875"/>
  <testcase classname="com.dsAlgoTestRunner.SequentialAndParallelTestRunner" name="runScenario" time="4.553"/>
</testsuite> <!-- com.dsAlgoTestRunner.SequentialAndParallelTestRunner -->
